<?xml version="1.0" encoding="utf-8"?><testsuites name="pytest tests"><testsuite name="pytest" errors="0" failures="0" skipped="0" tests="212" time="0.458" timestamp="2026-02-14T19:10:20.357833-06:00" hostname="shadowfang"><testcase classname="tests.test_aggregate_rehydration.TestDeterministicReconstruction" name="test_same_events_produce_same_state" time="0.001" /><testcase classname="tests.test_aggregate_rehydration.TestDeterministicReconstruction" name="test_replay_hundred_times_always_same" time="0.001" /><testcase classname="tests.test_aggregate_rehydration.TestDeterministicReconstruction" name="test_partial_replay_is_deterministic" time="0.000" /><testcase classname="tests.test_aggregate_rehydration.TestDeterministicReconstruction" name="test_empty_stream_is_deterministic" time="0.000" /><testcase classname="tests.test_aggregate_rehydration.TestDeterministicReconstruction" name="test_single_event_is_deterministic" time="0.000" /><testcase classname="tests.test_aggregate_rehydration.TestDeterministicReconstruction" name="test_state_depends_only_on_events_not_on_time" time="0.000" /><testcase classname="tests.test_aggregate_rehydration.TestNoPersistenceOfState" name="test_aggregate_has_no_stored_state" time="0.000" /><testcase classname="tests.test_aggregate_rehydration.TestNoPersistenceOfState" name="test_rehydrate_returns_new_state_each_call" time="0.000" /><testcase classname="tests.test_aggregate_rehydration.TestNoPersistenceOfState" name="test_modifying_returned_state_does_not_affect_aggregate" time="0.000" /><testcase classname="tests.test_aggregate_rehydration.TestNoPersistenceOfState" name="test_handler_does_not_cache_state" time="0.001" /><testcase classname="tests.test_aggregate_rehydration.TestPureEventApplication" name="test_apply_event_returns_new_dict" time="0.001" /><testcase classname="tests.test_aggregate_rehydration.TestPureEventApplication" name="test_apply_event_does_not_mutate_input" time="0.001" /><testcase classname="tests.test_aggregate_rehydration.TestPureEventApplication" name="test_apply_event_same_input_same_output" time="0.001" /><testcase classname="tests.test_aggregate_rehydration.TestPureEventApplication" name="test_unrecognized_event_returns_unchanged_state" time="0.000" /><testcase classname="tests.test_aggregate_rehydration.TestPureEventApplication" name="test_fold_is_sequential" time="0.001" /><testcase classname="tests.test_architecture_boundaries.TestDomainBoundary" name="test_no_forbidden_imports" time="0.005" /><testcase classname="tests.test_architecture_boundaries.TestApplicationBoundary" name="test_no_forbidden_imports" time="0.008" /><testcase classname="tests.test_architecture_boundaries.TestInfrastructureBoundary" name="test_no_forbidden_imports" time="0.002" /><testcase classname="tests.test_architecture_boundaries.TestSyncBoundary" name="test_no_forbidden_imports" time="0.002" /><testcase classname="tests.test_architecture_boundaries.TestAllBoundaries" name="test_no_violations_across_entire_codebase" time="0.015" /><testcase classname="tests.test_architecture_boundaries.TestForbiddenPatterns" name="test_domain_has_no_framework_imports" time="0.005" /><testcase classname="tests.test_architecture_boundaries.TestForbiddenPatterns" name="test_domain_has_no_io_operations" time="0.032" /><testcase classname="tests.test_architecture_boundaries.TestForbiddenPatterns" name="test_infrastructure_does_not_define_domain_classes" time="0.002" /><testcase classname="tests.test_architecture_boundaries.TestDependencyDirection" name="test_domain_depends_on_nothing_external" time="0.009" /><testcase classname="tests.test_architecture_boundaries.TestDependencyDirection" name="test_application_depends_only_on_domain" time="0.007" /><testcase classname="tests.test_architecture_boundaries.TestDependencyDirection" name="test_infrastructure_depends_only_on_domain" time="0.002" /><testcase classname="tests.test_architecture_boundaries.TestDependencyDirection" name="test_sync_depends_only_on_domain" time="0.002" /><testcase classname="tests.test_architecture_boundaries.TestLayerStructure" name="test_domain_layer_exists" time="0.001" /><testcase classname="tests.test_architecture_boundaries.TestLayerStructure" name="test_application_layer_exists" time="0.001" /><testcase classname="tests.test_architecture_boundaries.TestLayerStructure" name="test_infrastructure_layer_exists" time="0.001" /><testcase classname="tests.test_architecture_boundaries.TestLayerStructure" name="test_sync_layer_exists" time="0.000" /><testcase classname="tests.test_architecture_boundaries.TestLayerStructure" name="test_each_layer_has_init" time="0.000" /><testcase classname="tests.test_command_gateway.TestReceiveRequest" name="test_accepts_valid_request_dict" time="0.001" /><testcase classname="tests.test_command_gateway.TestReceiveRequest" name="test_rejects_missing_command_type" time="0.000" /><testcase classname="tests.test_command_gateway.TestReceiveRequest" name="test_rejects_missing_payload" time="0.000" /><testcase classname="tests.test_command_gateway.TestReceiveRequest" name="test_rejects_unknown_command_type" time="0.000" /><testcase classname="tests.test_command_gateway.TestValidateInputShape" name="test_rejects_missing_required_field" time="0.000" /><testcase classname="tests.test_command_gateway.TestValidateInputShape" name="test_rejects_invalid_uuid" time="0.000" /><testcase classname="tests.test_command_gateway.TestMapRequestToCommand" name="test_maps_to_correct_command_type" time="0.001" /><testcase classname="tests.test_command_gateway.TestMapRequestToCommand" name="test_maps_payload_fields_correctly" time="0.001" /><testcase classname="tests.test_command_gateway.TestCommandRouting" name="test_success_returns_events" time="0.001" /><testcase classname="tests.test_command_gateway.TestCommandRouting" name="test_domain_error_returns_failure" time="0.001" /><testcase classname="tests.test_command_gateway.TestCommandRouting" name="test_never_raises_exception" time="0.001" /><testcase classname="tests.test_command_gateway.TestCommandRouting" name="test_result_has_success_flag" time="0.001" /><testcase classname="tests.test_command_gateway.TestCommandRouting" name="test_events_are_persisted_after_success" time="0.001" /><testcase classname="tests.test_command_gateway.TestCommandRouting" name="test_events_dispatched_after_success" time="0.001" /><testcase classname="tests.test_command_gateway.TestCommandRouting" name="test_failed_command_does_not_persist" time="0.001" /><testcase classname="tests.test_command_handler.TestAggregateRehydration" name="test_initial_state" time="0.001" /><testcase classname="tests.test_command_handler.TestAggregateRehydration" name="test_rehydrate_from_empty_stream" time="0.000" /><testcase classname="tests.test_command_handler.TestAggregateRehydration" name="test_rehydrate_replays_events" time="0.000" /><testcase classname="tests.test_command_handler.TestAggregateRehydration" name="test_rehydrate_multiple_events" time="0.001" /><testcase classname="tests.test_command_handler.TestAggregateDomainLogic" name="test_start_encounter_produces_event" time="0.000" /><testcase classname="tests.test_command_handler.TestAggregateDomainLogic" name="test_start_already_started_encounter_raises" time="0.001" /><testcase classname="tests.test_command_handler.TestAggregateDomainLogic" name="test_complete_encounter_produces_event" time="0.000" /><testcase classname="tests.test_command_handler.TestAggregateDomainLogic" name="test_complete_before_start_raises" time="0.001" /><testcase classname="tests.test_command_handler.TestAggregateDomainLogic" name="test_complete_already_completed_raises" time="0.001" /><testcase classname="tests.test_command_handler.TestCommandHandlerFlow" name="test_handle_persists_event_to_store" time="0.001" /><testcase classname="tests.test_command_handler.TestCommandHandlerFlow" name="test_handle_dispatches_event" time="0.001" /><testcase classname="tests.test_command_handler.TestCommandHandlerFlow" name="test_handle_rehydrates_before_execute" time="0.001" /><testcase classname="tests.test_command_handler.TestCommandHandlerFlow" name="test_handle_rejects_invalid_command" time="0.001" /><testcase classname="tests.test_command_handler.TestCommandHandlerFlow" name="test_handle_sets_correct_aggregate_version" time="0.001" /><testcase classname="tests.test_command_handler.TestCommandHandlerFlow" name="test_handle_sets_aggregate_type" time="0.000" /><testcase classname="tests.test_command_handler.TestCommandHandlerFlow" name="test_rejected_command_does_not_dispatch" time="0.001" /><testcase classname="tests.test_command_handler.TestCommandHandlerFlow" name="test_new_aggregate_starts_from_initial_state" time="0.000" /><testcase classname="tests.test_command_handler.TestCommandHandlerFlow" name="test_events_have_unique_event_ids" time="0.000" /><testcase classname="tests.test_confirm_diagnosis.TestDiagnosisAggregateRehydration" name="test_initial_state_is_unconfirmed" time="0.000" /><testcase classname="tests.test_confirm_diagnosis.TestDiagnosisAggregateRehydration" name="test_rehydrate_from_confirmed_event" time="0.000" /><testcase classname="tests.test_confirm_diagnosis.TestDiagnosisInvariants" name="test_confirm_produces_event" time="0.000" /><testcase classname="tests.test_confirm_diagnosis.TestDiagnosisInvariants" name="test_confirm_event_carries_clinical_payload" time="0.000" /><testcase classname="tests.test_confirm_diagnosis.TestDiagnosisInvariants" name="test_cannot_confirm_already_confirmed_diagnosis" time="0.001" /><testcase classname="tests.test_confirm_diagnosis.TestDiagnosisInvariants" name="test_aggregate_type_is_diagnosis" time="0.001" /><testcase classname="tests.test_confirm_diagnosis.TestEncounterInvariant" name="test_confirm_succeeds_when_encounter_active" time="0.001" /><testcase classname="tests.test_confirm_diagnosis.TestEncounterInvariant" name="test_confirm_rejected_when_encounter_not_started" time="0.001" /><testcase classname="tests.test_confirm_diagnosis.TestEncounterInvariant" name="test_confirm_rejected_when_encounter_completed" time="0.001" /><testcase classname="tests.test_confirm_diagnosis.TestEncounterInvariant" name="test_confirm_rejected_when_encounter_does_not_exist" time="0.000" /><testcase classname="tests.test_confirm_diagnosis.TestFullRoundTrip" name="test_command_persists_and_dispatches" time="0.001" /><testcase classname="tests.test_confirm_diagnosis.TestFullRoundTrip" name="test_rejected_command_leaves_no_trace" time="0.000" /><testcase classname="tests.test_confirm_diagnosis.TestFullRoundTrip" name="test_diagnosis_rehydrates_after_persist" time="0.001" /><testcase classname="tests.test_event_dispatcher.TestSubscription" name="test_subscribe_handler_to_event_type" time="0.001" /><testcase classname="tests.test_event_dispatcher.TestSubscription" name="test_handler_not_called_for_unsubscribed_type" time="0.000" /><testcase classname="tests.test_event_dispatcher.TestSubscription" name="test_multiple_handlers_for_same_type" time="0.000" /><testcase classname="tests.test_event_dispatcher.TestSubscription" name="test_handler_subscribed_to_multiple_types" time="0.000" /><testcase classname="tests.test_event_dispatcher.TestSubscription" name="test_dispatch_with_no_subscribers_is_silent" time="0.000" /><testcase classname="tests.test_event_dispatcher.TestDispatch" name="test_dispatch_delivers_correct_event" time="0.001" /><testcase classname="tests.test_event_dispatcher.TestDispatch" name="test_dispatch_multiple_events_preserves_order" time="0.001" /><testcase classname="tests.test_event_dispatcher.TestDispatch" name="test_dispatch_isolates_handler_failures" time="0.002" /><testcase classname="tests.test_event_dispatcher.TestDeterministicOrdering" name="test_dispatch_batch_preserves_version_order" time="0.000" /><testcase classname="tests.test_event_dispatcher.TestDeterministicOrdering" name="test_dispatch_batch_interleaves_different_aggregates_by_version" time="0.000" /><testcase classname="tests.test_event_dispatcher.TestDeterministicOrdering" name="test_dispatch_batch_empty_is_silent" time="0.000" /><testcase classname="tests.test_event_store_architecture.TestDomainIsolation" name="test_domain_events_does_not_import_infrastructure" time="0.002" /><testcase classname="tests.test_event_store_architecture.TestDomainIsolation" name="test_domain_event_store_does_not_import_infrastructure" time="0.001" /><testcase classname="tests.test_event_store_architecture.TestDomainIsolation" name="test_no_domain_file_imports_infrastructure" time="0.005" /><testcase classname="tests.test_event_store_architecture.TestEventStoreIsPort" name="test_event_store_is_protocol" time="0.001" /><testcase classname="tests.test_event_store_architecture.TestEventStoreIsPort" name="test_event_store_has_append_method" time="0.001" /><testcase classname="tests.test_event_store_architecture.TestEventStoreIsPort" name="test_event_store_has_read_stream_method" time="0.000" /><testcase classname="tests.test_event_store_architecture.TestEventStoreIsPort" name="test_event_store_has_read_all_events_method" time="0.000" /><testcase classname="tests.test_event_store_architecture.TestNoProjectionLogicInStore" name="test_infra_store_does_not_import_projection_modules" time="0.002" /><testcase classname="tests.test_event_store_architecture.TestNoProjectionLogicInStore" name="test_infra_store_does_not_contain_projection_keywords" time="0.001" /><testcase classname="tests.test_event_store_architecture.TestNoProjectionLogicInStore" name="test_infra_store_only_imports_domain" time="0.001" /><testcase classname="tests.test_event_store_architecture.TestEventImmutability" name="test_domain_event_is_frozen" time="0.000" /><testcase classname="tests.test_event_store_architecture.TestEventImmutability" name="test_event_metadata_is_frozen" time="0.000" /><testcase classname="tests.test_event_store_invariants.TestSequentialVersioning" name="test_first_event_must_be_version_1" time="0.000" /><testcase classname="tests.test_event_store_invariants.TestSequentialVersioning" name="test_version_2_requires_version_1" time="0.000" /><testcase classname="tests.test_event_store_invariants.TestSequentialVersioning" name="test_sequential_versions_succeed" time="0.000" /><testcase classname="tests.test_event_store_invariants.TestSequentialVersioning" name="test_version_gap_is_rejected" time="0.001" /><testcase classname="tests.test_event_store_invariants.TestSequentialVersioning" name="test_duplicate_version_is_rejected" time="0.000" /><testcase classname="tests.test_event_store_invariants.TestSequentialVersioning" name="test_different_aggregates_have_independent_versions" time="0.001" /><testcase classname="tests.test_event_store_invariants.TestAppendOnlyImmutability" name="test_persisted_event_is_returned_unchanged" time="0.001" /><testcase classname="tests.test_event_store_invariants.TestAppendOnlyImmutability" name="test_read_returns_same_event_as_appended" time="0.000" /><testcase classname="tests.test_event_store_invariants.TestAppendOnlyImmutability" name="test_stream_order_matches_version_order" time="0.001" /><testcase classname="tests.test_event_store_invariants.TestAppendOnlyImmutability" name="test_events_frozen_after_persist" time="0.000" /><testcase classname="tests.test_event_store_invariants.TestIdempotentAppend" name="test_duplicate_event_id_returns_existing" time="0.000" /><testcase classname="tests.test_event_store_invariants.TestIdempotentAppend" name="test_duplicate_does_not_add_to_stream" time="0.000" /><testcase classname="tests.test_event_store_invariants.TestRecordedAtTimestamp" name="test_recorded_at_is_set_on_persist" time="0.000" /><testcase classname="tests.test_event_store_invariants.TestRecordedAtTimestamp" name="test_recorded_at_is_utc" time="0.000" /><testcase classname="tests.test_event_store_invariants.TestRecordedAtTimestamp" name="test_recorded_at_is_close_to_now" time="0.000" /><testcase classname="tests.test_event_store_invariants.TestStreamReading" name="test_empty_stream_returns_empty_list" time="0.000" /><testcase classname="tests.test_event_store_invariants.TestStreamReading" name="test_read_stream_from_returns_subset" time="0.000" /><testcase classname="tests.test_event_store_invariants.TestStreamReading" name="test_read_stream_from_beyond_end_returns_empty" time="0.000" /><testcase classname="tests.test_event_store_invariants.TestStreamReading" name="test_stream_version_returns_0_for_unknown_aggregate" time="0.000" /><testcase classname="tests.test_event_store_invariants.TestStreamReading" name="test_stream_version_returns_highest_version" time="0.001" /><testcase classname="tests.test_event_store_invariants.TestEventExists" name="test_exists_after_append" time="0.000" /><testcase classname="tests.test_event_store_invariants.TestEventExists" name="test_not_exists_before_append" time="0.000" /><testcase classname="tests.test_event_store_invariants.TestReadAllEvents" name="test_read_all_returns_all_events_across_streams" time="0.001" /><testcase classname="tests.test_event_store_invariants.TestReadAllEvents" name="test_read_all_ordered_by_recorded_at" time="0.001" /><testcase classname="tests.test_event_store_invariants.TestReadAllEvents" name="test_empty_store_returns_empty" time="0.001" /><testcase classname="tests.test_integration_confirm_diagnosis.TestConfirmDiagnosisIntegration" name="test_full_flow_succeeds" time="0.001" /><testcase classname="tests.test_integration_confirm_diagnosis.TestConfirmDiagnosisIntegration" name="test_event_is_persisted" time="0.001" /><testcase classname="tests.test_integration_confirm_diagnosis.TestConfirmDiagnosisIntegration" name="test_projection_updated_with_diagnosis" time="0.001" /><testcase classname="tests.test_integration_confirm_diagnosis.TestConfirmDiagnosisIntegration" name="test_multiple_diagnoses_accumulate_in_projection" time="0.001" /><testcase classname="tests.test_integration_confirm_diagnosis.TestConfirmDiagnosisIntegration" name="test_failed_request_does_not_update_projection" time="0.000" /><testcase classname="tests.test_integration_confirm_diagnosis.TestConfirmDiagnosisIntegration" name="test_event_metadata_is_complete" time="0.001" /><testcase classname="tests.test_integration_confirm_diagnosis.TestConfirmDiagnosisIntegration" name="test_event_payload_matches_request" time="0.001" /><testcase classname="tests.test_integration_confirm_diagnosis.TestConfirmDiagnosisIntegration" name="test_projection_survives_rebuild_from_store" time="0.001" /><testcase classname="tests.test_integration_confirm_diagnosis.TestConfirmDiagnosisIntegration" name="test_gateway_result_type" time="0.001" /><testcase classname="tests.test_patient_summary_projection.TestSubscription" name="test_subscribes_to_correct_event_types" time="0.001" /><testcase classname="tests.test_patient_summary_projection.TestSubscription" name="test_ignores_unrelated_events" time="0.000" /><testcase classname="tests.test_patient_summary_projection.TestDiagnosisTracking" name="test_diagnosis_confirmed_adds_to_active_conditions" time="0.001" /><testcase classname="tests.test_patient_summary_projection.TestDiagnosisTracking" name="test_multiple_diagnoses_tracked" time="0.000" /><testcase classname="tests.test_patient_summary_projection.TestDiagnosisTracking" name="test_duplicate_diagnosis_event_is_idempotent" time="0.001" /><testcase classname="tests.test_patient_summary_projection.TestTreatmentTracking" name="test_treatment_started_adds_to_active_treatments" time="0.000" /><testcase classname="tests.test_patient_summary_projection.TestTreatmentTracking" name="test_treatment_stopped_removes_from_active" time="0.000" /><testcase classname="tests.test_patient_summary_projection.TestTreatmentTracking" name="test_treatment_stopped_records_in_stopped_treatments" time="0.000" /><testcase classname="tests.test_patient_summary_projection.TestTreatmentTracking" name="test_multiple_treatments_tracked" time="0.000" /><testcase classname="tests.test_patient_summary_projection.TestTreatmentTracking" name="test_stopping_unknown_treatment_is_safe" time="0.000" /><testcase classname="tests.test_patient_summary_projection.TestRebuild" name="test_rebuild_produces_correct_state" time="0.000" /><testcase classname="tests.test_patient_summary_projection.TestRebuild" name="test_rebuild_clears_previous_state" time="0.000" /><testcase classname="tests.test_patient_summary_projection.TestRebuild" name="test_rebuild_from_empty_clears_everything" time="0.000" /><testcase classname="tests.test_patient_summary_projection.TestDispatcherIntegration" name="test_dispatcher_routes_to_patient_summary" time="0.000" /><testcase classname="tests.test_projection_handler.TestEventHandling" name="test_handle_updates_state" time="0.000" /><testcase classname="tests.test_projection_handler.TestEventHandling" name="test_handle_accumulates_state" time="0.001" /><testcase classname="tests.test_projection_handler.TestEventHandling" name="test_handle_ignores_unsubscribed_event_types" time="0.000" /><testcase classname="tests.test_projection_handler.TestEventHandling" name="test_handle_is_idempotent_by_event_id" time="0.000" /><testcase classname="tests.test_projection_handler.TestRebuild" name="test_rebuild_from_empty_produces_empty_state" time="0.001" /><testcase classname="tests.test_projection_handler.TestRebuild" name="test_rebuild_from_replays_all_events" time="0.001" /><testcase classname="tests.test_projection_handler.TestRebuild" name="test_rebuild_clears_previous_state" time="0.001" /><testcase classname="tests.test_projection_handler.TestRebuild" name="test_rebuild_clears_processed_event_ids" time="0.001" /><testcase classname="tests.test_projection_handler.TestRebuild" name="test_rebuild_filters_unsubscribed_types" time="0.000" /><testcase classname="tests.test_projection_handler.TestRebuild" name="test_rebuild_deduplicates_events" time="0.000" /><testcase classname="tests.test_projection_handler.TestStatelessProcessing" name="test_apply_is_pure_function" time="0.000" /><testcase classname="tests.test_projection_handler.TestStatelessProcessing" name="test_state_is_dict" time="0.000" /><testcase classname="tests.test_projection_handler.TestStatelessProcessing" name="test_initial_state_is_empty" time="0.000" /><testcase classname="tests.test_query_gateway.TestReceiveQuery" name="test_accepts_valid_query" time="0.002" /><testcase classname="tests.test_query_gateway.TestReceiveQuery" name="test_rejects_missing_query_type" time="0.001" /><testcase classname="tests.test_query_gateway.TestReceiveQuery" name="test_rejects_unknown_query_type" time="0.001" /><testcase classname="tests.test_query_gateway.TestReceiveQuery" name="test_accepts_query_with_params" time="0.001" /><testcase classname="tests.test_query_gateway.TestFetchProjection" name="test_returns_projection_data" time="0.001" /><testcase classname="tests.test_query_gateway.TestFetchProjection" name="test_empty_projection_returns_empty_data" time="0.000" /><testcase classname="tests.test_query_gateway.TestMapToResponse" name="test_conditions_mapped_to_list" time="0.000" /><testcase classname="tests.test_query_gateway.TestMapToResponse" name="test_condition_has_expected_fields" time="0.001" /><testcase classname="tests.test_query_gateway.TestMapToResponse" name="test_treatments_mapped_to_list" time="0.001" /><testcase classname="tests.test_query_gateway.TestMapToResponse" name="test_treatment_has_expected_fields" time="0.000" /><testcase classname="tests.test_query_gateway.TestMapToResponse" name="test_condition_values_correct" time="0.000" /><testcase classname="tests.test_query_gateway.TestReturnResult" name="test_success_result_structure" time="0.000" /><testcase classname="tests.test_query_gateway.TestReturnResult" name="test_error_result_structure" time="0.000" /><testcase classname="tests.test_query_gateway.TestReturnResult" name="test_never_raises_exception" time="0.001" /><testcase classname="tests.test_query_gateway.TestQueryGatewayArchitecture" name="test_no_aggregate_imports" time="0.002" /><testcase classname="tests.test_query_gateway.TestQueryGatewayArchitecture" name="test_no_event_store_imports" time="0.001" /><testcase classname="tests.test_query_gateway.TestQueryGatewayArchitecture" name="test_no_command_handler_imports" time="0.001" /><testcase classname="tests.test_sync_convergence.TestPreSyncIsolation" name="test_node_a_has_3_events" time="0.001" /><testcase classname="tests.test_sync_convergence.TestPreSyncIsolation" name="test_node_b_has_3_events" time="0.001" /><testcase classname="tests.test_sync_convergence.TestPreSyncIsolation" name="test_nodes_have_no_shared_events" time="0.001" /><testcase classname="tests.test_sync_convergence.TestEventHistoryConvergence" name="test_both_nodes_have_all_six_events" time="0.001" /><testcase classname="tests.test_sync_convergence.TestEventHistoryConvergence" name="test_both_nodes_have_identical_event_ids" time="0.001" /><testcase classname="tests.test_sync_convergence.TestEventHistoryConvergence" name="test_node_a_has_node_b_events" time="0.001" /><testcase classname="tests.test_sync_convergence.TestEventHistoryConvergence" name="test_node_b_has_node_a_events" time="0.001" /><testcase classname="tests.test_sync_convergence.TestEventHistoryConvergence" name="test_event_payloads_preserved_across_sync" time="0.001" /><testcase classname="tests.test_sync_convergence.TestEventHistoryConvergence" name="test_sync_is_idempotent" time="0.001" /><testcase classname="tests.test_sync_convergence.TestProjectionConvergence" name="test_active_conditions_match" time="0.001" /><testcase classname="tests.test_sync_convergence.TestProjectionConvergence" name="test_active_treatments_match" time="0.001" /><testcase classname="tests.test_sync_convergence.TestProjectionConvergence" name="test_projection_contains_hypertension" time="0.001" /><testcase classname="tests.test_sync_convergence.TestProjectionConvergence" name="test_projection_contains_diabetes" time="0.001" /><testcase classname="tests.test_sync_convergence.TestProjectionConvergence" name="test_projection_contains_both_treatments" time="0.001" /><testcase classname="tests.test_sync_convergence.TestProjectionConvergence" name="test_full_projection_state_identical" time="0.001" /><testcase classname="tests.test_sync_engine.TestSyncNodePosition" name="test_empty_node_has_zero_position" time="0.000" /><testcase classname="tests.test_sync_engine.TestSyncNodePosition" name="test_position_reflects_stored_events" time="0.000" /><testcase classname="tests.test_sync_engine.TestSyncNodePosition" name="test_position_includes_multiple_streams" time="0.000" /><testcase classname="tests.test_sync_engine.TestSyncNodePosition" name="test_known_event_ids_returns_all_ids" time="0.000" /><testcase classname="tests.test_sync_engine.TestMissingEventDetection" name="test_detect_events_node_b_is_missing" time="0.000" /><testcase classname="tests.test_sync_engine.TestMissingEventDetection" name="test_detect_no_missing_when_in_sync" time="0.000" /><testcase classname="tests.test_sync_engine.TestMissingEventDetection" name="test_detect_events_across_multiple_streams" time="0.001" /><testcase classname="tests.test_sync_engine.TestEventTransfer" name="test_transfer_appends_to_target_store" time="0.000" /><testcase classname="tests.test_sync_engine.TestEventTransfer" name="test_transfer_preserves_event_identity" time="0.000" /><testcase classname="tests.test_sync_engine.TestEventTransfer" name="test_transfer_multiple_streams" time="0.000" /><testcase classname="tests.test_sync_engine.TestDuplicatePrevention" name="test_sync_twice_is_idempotent" time="0.000" /><testcase classname="tests.test_sync_engine.TestDuplicatePrevention" name="test_sync_skips_events_target_already_has" time="0.000" /><testcase classname="tests.test_sync_engine.TestProjectionUpdates" name="test_received_events_dispatched_on_target" time="0.001" /><testcase classname="tests.test_sync_engine.TestProjectionUpdates" name="test_duplicate_events_not_dispatched_again" time="0.001" /><testcase classname="tests.test_sync_engine.TestProjectionUpdates" name="test_multiple_event_types_dispatched" time="0.001" /><testcase classname="tests.test_sync_engine.TestBidirectionalSync" name="test_bidirectional_sync_exchanges_all_events" time="0.001" /><testcase classname="tests.test_sync_engine.TestBidirectionalSync" name="test_bidirectional_sync_is_idempotent" time="0.001" /><testcase classname="tests.test_sync_engine.TestBidirectionalSync" name="test_sync_result_has_summary" time="0.001" /></testsuite></testsuites>